<?xml version="1.0" encoding="UTF-8"?>
<testng-results ignored="0" total="1" passed="1" failed="0" skipped="0">
  <reporter-output>
  </reporter-output>
  <suite started-at="2024-12-10T16:40:13 IST" name="Suite" finished-at="2024-12-10T16:42:04 IST" duration-ms="111542">
    <groups>
      <group name="Master">
        <method signature="TC105_EndToEndTest.BookingConfirmation()[pri:0, instance:testCases.TC105_EndToEndTest@2da59753]" name="BookingConfirmation" class="testCases.TC105_EndToEndTest"/>
      </group> <!-- Master -->
    </groups>
    <test started-at="2024-12-10T16:40:13 IST" name="Test" finished-at="2024-12-10T16:42:04 IST" duration-ms="111542">
      <class name="testCases.TC105_EndToEndTest">
        <test-method is-config="true" signature="setup(java.lang.String,java.lang.String)[pri:0, instance:testCases.TC105_EndToEndTest@2da59753]" started-at="2024-12-10T16:40:14 IST" name="setup" finished-at="2024-12-10T16:41:00 IST" duration-ms="46138" status="PASS">
          <params>
            <param index="0">
              <value>
                <![CDATA[Windows]]>
              </value>
            </param>
            <param index="1">
              <value>
                <![CDATA[chrome]]>
              </value>
            </param>
          </params>
          <reporter-output>
          </reporter-output>
        </test-method> <!-- setup -->
        <test-method signature="BookingConfirmation()[pri:0, instance:testCases.TC105_EndToEndTest@2da59753]" started-at="2024-12-10T16:41:00 IST" name="BookingConfirmation" finished-at="2024-12-10T16:42:01 IST" duration-ms="61414" status="PASS">
          <reporter-output>
          </reporter-output>
        </test-method> <!-- BookingConfirmation -->
        <test-method is-config="true" signature="teardown()[pri:0, instance:testCases.TC105_EndToEndTest@2da59753]" started-at="2024-12-10T16:42:01 IST" name="teardown" finished-at="2024-12-10T16:42:04 IST" duration-ms="2903" status="PASS">
          <reporter-output>
          </reporter-output>
        </test-method> <!-- teardown -->
      </class> <!-- testCases.TC105_EndToEndTest -->
    </test> <!-- Test -->
  </suite> <!-- Suite -->
</testng-results>
